SF:lib/counter/counter_cubit.dart
DA:6,2
DA:8,4
DA:10,4
LF:3
LH:3
end_of_record
SF:lib/dice/dice_cubit.dart
DA:7,2
DA:9,5
LF:2
LH:2
end_of_record
SF:lib/quiz/bloc/quiz_bloc.dart
DA:10,1
DA:11,4
DA:12,2
DA:13,2
DA:14,3
DA:21,1
DA:22,2
DA:23,2
DA:24,3
DA:25,1
DA:26,5
DA:27,3
DA:28,1
DA:29,6
DA:34,1
DA:35,2
DA:36,4
DA:39,1
DA:41,5
DA:42,3
LF:20
LH:20
end_of_record
SF:lib/quiz/bloc/quiz_event.dart
DA:4,1
DA:8,1
DA:12,0
DA:13,0
DA:17,1
DA:19,0
DA:20,0
LF:7
LH:3
end_of_record
SF:lib/quiz/bloc/quiz_state.dart
DA:5,1
DA:9,1
DA:13,1
DA:14,2
DA:18,1
DA:23,1
DA:24,3
LF:7
LH:7
end_of_record
SF:lib/quiz/model/question.dart
DA:4,1
DA:14,1
DA:15,4
LF:3
LH:3
end_of_record
SF:lib/quiz/repository/quiz_repository.dart
DA:7,0
DA:8,0
DA:9,0
DA:11,0
DA:19,0
DA:21,0
DA:29,0
DA:31,0
DA:39,0
DA:41,0
DA:43,0
DA:51,0
DA:53,0
DA:61,0
DA:63,0
LF:15
LH:0
end_of_record
